Using pre-set license
Built from '2022.1/staging' branch; Version is '2022.1.23f1 (9636b062134a) revision 9844400'; Using compiler version '192829333'; Build Type 'Release'
OS: 'Windows 10  (10.0.19045) 64bit Core' Language: 'ko' Physical Memory: 31605 MB
BatchMode: 1, IsHumanControllingUs: 0, StartBugReporterOnCrash: 0, Is64bit: 1, IsPro: 1

COMMAND LINE ARGUMENTS:
C:\Program Files\Unity\Hub\Editor\2022.1.23f1\Editor\Unity.exe
-adb2
-batchMode
-noUpm
-name
AssetImportWorker1
-projectPath
D:/Unity/2024/FADongon
-logFile
Logs/AssetImportWorker1.log
-srvPort
57046
Successfully changed project path to: D:/Unity/2024/FADongon
D:/Unity/2024/FADongon
[UnityMemory] Configuration Parameters - Can be set up in boot.config
    "memorysetup-bucket-allocator-granularity=16"
    "memorysetup-bucket-allocator-bucket-count=8"
    "memorysetup-bucket-allocator-block-size=33554432"
    "memorysetup-bucket-allocator-block-count=8"
    "memorysetup-main-allocator-block-size=16777216"
    "memorysetup-thread-allocator-block-size=16777216"
    "memorysetup-gfx-main-allocator-block-size=16777216"
    "memorysetup-gfx-thread-allocator-block-size=16777216"
    "memorysetup-cache-allocator-block-size=4194304"
    "memorysetup-typetree-allocator-block-size=2097152"
    "memorysetup-profiler-bucket-allocator-granularity=16"
    "memorysetup-profiler-bucket-allocator-bucket-count=8"
    "memorysetup-profiler-bucket-allocator-block-size=33554432"
    "memorysetup-profiler-bucket-allocator-block-count=8"
    "memorysetup-profiler-allocator-block-size=16777216"
    "memorysetup-profiler-editor-allocator-block-size=1048576"
    "memorysetup-temp-allocator-size-main=16777216"
    "memorysetup-job-temp-allocator-block-size=2097152"
    "memorysetup-job-temp-allocator-block-size-background=1048576"
    "memorysetup-job-temp-allocator-reduction-small-platforms=262144"
    "memorysetup-temp-allocator-size-background-worker=32768"
    "memorysetup-temp-allocator-size-job-worker=262144"
    "memorysetup-temp-allocator-size-preload-manager=33554432"
    "memorysetup-temp-allocator-size-nav-mesh-worker=65536"
    "memorysetup-temp-allocator-size-audio-worker=65536"
    "memorysetup-temp-allocator-size-cloud-worker=32768"
    "memorysetup-temp-allocator-size-gi-baking-worker=262144"
    "memorysetup-temp-allocator-size-gfx=262144"
Refreshing native plugins compatible for Editor in 125.38 ms, found 3 plugins.
Preloading 0 native plugins for Editor in 0.00 ms.
Initialize engine version: 2022.1.23f1 (9636b062134a)
[Subsystems] Discovering subsystems at path C:/Program Files/Unity/Hub/Editor/2022.1.23f1/Editor/Data/Resources/UnitySubsystems
[Subsystems] Discovering subsystems at path D:/Unity/2024/FADongon/Assets
GfxDevice: creating device client; threaded=0; jobified=0
Direct3D:
    Version:  Direct3D 11.0 [level 11.1]
    Renderer: NVIDIA GeForce RTX 2060 (ID=0x1f08)
    Vendor:   NVIDIA
    VRAM:     5968 MB
    Driver:   31.0.15.3623
Initialize mono
Mono path[0] = 'C:/Program Files/Unity/Hub/Editor/2022.1.23f1/Editor/Data/Managed'
Mono path[1] = 'C:/Program Files/Unity/Hub/Editor/2022.1.23f1/Editor/Data/MonoBleedingEdge/lib/mono/unityjit-win32'
Mono config path = 'C:/Program Files/Unity/Hub/Editor/2022.1.23f1/Editor/Data/MonoBleedingEdge/etc'
Using monoOptions --debugger-agent=transport=dt_socket,embedding=1,server=y,suspend=n,address=127.0.0.1:56304
Begin MonoManager ReloadAssembly
Registering precompiled unity dll's ...
Register platform support module: C:/Program Files/Unity/Hub/Editor/2022.1.23f1/Editor/Data/PlaybackEngines/AndroidPlayer/UnityEditor.Android.Extensions.dll
Register platform support module: C:/Program Files/Unity/Hub/Editor/2022.1.23f1/Editor/Data/PlaybackEngines/WindowsStandaloneSupport/UnityEditor.WindowsStandalone.Extensions.dll
Registered in 0.011312 seconds.
Native extension for WindowsStandalone target not found
Native extension for Android target not found
Refreshing native plugins compatible for Editor in 133.18 ms, found 3 plugins.
Preloading 0 native plugins for Editor in 0.00 ms.
Mono: successfully reloaded assembly
- Completed reload, in  0.713 seconds
Domain Reload Profiling:
	ReloadAssembly (714ms)
		BeginReloadAssembly (82ms)
			ExecutionOrderSort (0ms)
			DisableScriptedObjects (0ms)
			BackupInstance (0ms)
			ReleaseScriptingObjects (0ms)
			CreateAndSetChildDomain (1ms)
		EndReloadAssembly (522ms)
			LoadAssemblies (79ms)
			RebuildTransferFunctionScriptingTraits (0ms)
			SetupTypeCache (119ms)
				TypeCache.Initialize (118ms)
					TypeCache.ScanAssembly (117ms)
				ResolveRequiredComponents (0ms)
			ReleaseScriptCaches (0ms)
			RebuildScriptCaches (22ms)
			SetupLoadedEditorAssemblies (328ms)
				LogAssemblyErrors (0ms)
				InitializePlatformSupportModulesInManaged (53ms)
				SetLoadedEditorAssemblies (7ms)
				RefreshPlugins (133ms)
				BeforeProcessingInitializeOnLoad (1ms)
				ProcessInitializeOnLoadAttributes (91ms)
				ProcessInitializeOnLoadMethodAttributes (43ms)
				AfterProcessingInitializeOnLoad (0ms)
				EditorAssembliesLoaded (0ms)
			ExecutionOrderSort2 (0ms)
			AwakeInstancesAfterBackupRestoration (0ms)
Platform modules already initialized, skipping
Registering precompiled user dll's ...
Registered in 0.006145 seconds.
Begin MonoManager ReloadAssembly
Symbol file LoadedFromMemory doesn't match image D:\Unity\2024\FADongon\Library\PackageCache\com.unity.visualscripting@1.7.8\Editor\VisualScripting.Core\Dependencies\YamlDotNet\Unity.VisualScripting.YamlDotNet.dll
Symbol file LoadedFromMemory doesn't match image D:\Unity\2024\FADongon\Library\PackageCache\com.unity.visualscripting@1.7.8\Editor\VisualScripting.Core\Dependencies\DotNetZip\Unity.VisualScripting.IonicZip.dll
Native extension for WindowsStandalone target not found
Native extension for Android target not found
Refreshing native plugins compatible for Editor in 110.34 ms, found 3 plugins.
Preloading 0 native plugins for Editor in 0.00 ms.
Mono: successfully reloaded assembly
- Completed reload, in  1.334 seconds
Domain Reload Profiling:
	ReloadAssembly (1335ms)
		BeginReloadAssembly (229ms)
			ExecutionOrderSort (0ms)
			DisableScriptedObjects (5ms)
			BackupInstance (0ms)
			ReleaseScriptingObjects (0ms)
			CreateAndSetChildDomain (122ms)
		EndReloadAssembly (1001ms)
			LoadAssemblies (120ms)
			RebuildTransferFunctionScriptingTraits (0ms)
			SetupTypeCache (282ms)
				TypeCache.Initialize (277ms)
					TypeCache.ScanAssembly (273ms)
				ResolveRequiredComponents (5ms)
			ReleaseScriptCaches (1ms)
			RebuildScriptCaches (51ms)
			SetupLoadedEditorAssemblies (515ms)
				LogAssemblyErrors (0ms)
				InitializePlatformSupportModulesInManaged (11ms)
				SetLoadedEditorAssemblies (6ms)
				RefreshPlugins (110ms)
				BeforeProcessingInitializeOnLoad (94ms)
				ProcessInitializeOnLoadAttributes (225ms)
				ProcessInitializeOnLoadMethodAttributes (57ms)
				AfterProcessingInitializeOnLoad (11ms)
				EditorAssembliesLoaded (0ms)
			ExecutionOrderSort2 (0ms)
			AwakeInstancesAfterBackupRestoration (12ms)
Platform modules already initialized, skipping
========================================================================
Worker process is ready to serve import requests
Launched and connected shader compiler UnityShaderCompiler.exe after 0.04 seconds
Refreshing native plugins compatible for Editor in 0.98 ms, found 3 plugins.
Preloading 0 native plugins for Editor in 0.00 ms.
Unloading 5101 Unused Serialized files (Serialized files now loaded: 0)
Unloading 46 unused Assets / (2.1 MB). Loaded Objects now: 5570.
Memory consumption went from 0.88 GB to 0.87 GB.
Total: 3.386200 ms (FindLiveObjects: 0.394900 ms CreateObjectMapping: 0.242200 ms MarkObjects: 2.402800 ms  DeleteObjects: 0.345100 ms)

AssetImportParameters requested are different than current active one (requested -> active):
  custom:video-decoder-ogg-theora: a1e56fd34408186e4bbccfd4996cb3dc -> 
  custom:container-muxer-webm: aa71ff27fc2769a1b78a27578f13a17b -> 
  custom:container-demuxer-webm: 4f35f7cbe854078d1ac9338744f61a02 -> 
  custom:video-encoder-webm-vp8: eb34c28f22e8b96e1ab97ce403110664 -> 
  custom:audio-encoder-webm-vorbis: bf7c407c2cedff20999df2af8eb42d56 -> 
  custom:framework-win-MediaFoundation: 216162199b28c13a410421893ffa2e32 -> 
  custom:container-demuxer-ogg: 62fdf1f143b41e24485cea50d1cbac27 -> 
  custom:video-decoder-webm-vp8: 9c59270c3fd7afecdb556c50c9e8de78 -> 
  custom:audio-decoder-ogg-vorbis: bf7c407c2cedff20999df2af8eb42d56 -> 
========================================================================
Received Import Request.
  Time since last request: 1734726.028399 seconds.
  path: Assets/RPGMonsterBundlePolyart/RPGMonsterWave01Polyart/Animations/Orc/RunFWD_Orc_Anim.fbx
  artifactKey: Guid(5cb0a0ea111f41a99fb610ea09ba83ea) Importer(815301076,1909f56bfc062723c751e8b465ee728b)
Start importing Assets/RPGMonsterBundlePolyart/RPGMonsterWave01Polyart/Animations/Orc/RunFWD_Orc_Anim.fbx using Guid(5cb0a0ea111f41a99fb610ea09ba83ea) Importer(815301076,1909f56bfc062723c751e8b465ee728b)  -> (artifact id: '19e20b84cdd0ede08c4bee21d9dec888') in 0.200475 seconds 
========================================================================
Received Import Request.
  Time since last request: 0.000023 seconds.
  path: Assets/RPGMonsterBundlePolyart/RPGMonsterWave01Polyart/Animations/Orc/Taunting_Orc_Anim.fbx
  artifactKey: Guid(74a9cafbbd3c46aca8ffd4fe2e643929) Importer(815301076,1909f56bfc062723c751e8b465ee728b)
Start importing Assets/RPGMonsterBundlePolyart/RPGMonsterWave01Polyart/Animations/Orc/Taunting_Orc_Anim.fbx using Guid(74a9cafbbd3c46aca8ffd4fe2e643929) Importer(815301076,1909f56bfc062723c751e8b465ee728b)  -> (artifact id: '60517bfbc82053182dd81ee47f4db291') in 0.034425 seconds 
========================================================================
Received Import Request.
  Time since last request: 5930.345520 seconds.
  path: Assets/RPGTinyHeroWavePBR/Animation/BowAndArrow/ArrowAnim/Attack03_Combo05_Arrow.fbx
  artifactKey: Guid(25c3376145c17ff498cb9229a27e6939) Importer(815301076,1909f56bfc062723c751e8b465ee728b)
Start importing Assets/RPGTinyHeroWavePBR/Animation/BowAndArrow/ArrowAnim/Attack03_Combo05_Arrow.fbx using Guid(25c3376145c17ff498cb9229a27e6939) Importer(815301076,1909f56bfc062723c751e8b465ee728b)  -> (artifact id: '6f10d7a25fef9879ee02ea68284848f4') in 0.077382 seconds 
========================================================================
Received Import Request.
  Time since last request: 0.000024 seconds.
  path: Assets/RPGTinyHeroWavePBR/Mesh/Weapons/Projectile/Arrow04Projectile.fbx
  artifactKey: Guid(b88528a6e66d5324aab882522e2f0750) Importer(815301076,1909f56bfc062723c751e8b465ee728b)
Start importing Assets/RPGTinyHeroWavePBR/Mesh/Weapons/Projectile/Arrow04Projectile.fbx using Guid(b88528a6e66d5324aab882522e2f0750) Importer(815301076,1909f56bfc062723c751e8b465ee728b)  -> (artifact id: '7748877793c1975e73555c6991c0b7cd') in 0.019627 seconds 
========================================================================
Received Import Request.
  Time since last request: 0.000043 seconds.
  path: Assets/RPGTinyHeroWavePBR/Mesh/Weapons/Projectile/Arrow05Projectile.fbx
  artifactKey: Guid(6e7c96cb7b80bcf43af16c2e83da97b4) Importer(815301076,1909f56bfc062723c751e8b465ee728b)
Start importing Assets/RPGTinyHeroWavePBR/Mesh/Weapons/Projectile/Arrow05Projectile.fbx using Guid(6e7c96cb7b80bcf43af16c2e83da97b4) Importer(815301076,1909f56bfc062723c751e8b465ee728b)  -> (artifact id: '6d116591f500ebc27bb814ab3974ffe6') in 0.016539 seconds 
========================================================================
Received Import Request.
  Time since last request: 0.000030 seconds.
  path: Assets/RPGMonsterBundlePolyart/RPGMonsterWave03Polyart/Mesh/Weapons/Cyclops_SmallArrowMesh.fbx
  artifactKey: Guid(592c018474ed4f79a6b856b011265cac) Importer(815301076,1909f56bfc062723c751e8b465ee728b)
Start importing Assets/RPGMonsterBundlePolyart/RPGMonsterWave03Polyart/Mesh/Weapons/Cyclops_SmallArrowMesh.fbx using Guid(592c018474ed4f79a6b856b011265cac) Importer(815301076,1909f56bfc062723c751e8b465ee728b)  -> (artifact id: '877247fda5f7183562b0b59b5bfdf227') in 0.017104 seconds 
========================================================================
Received Import Request.
  Time since last request: 0.000048 seconds.
  path: Assets/RPGTinyHeroWavePBR/Animation/BowAndArrow/ArrowAnim/Idle_Arrow.fbx
  artifactKey: Guid(de39b8662abab5e40b8b5e8870f2d953) Importer(815301076,1909f56bfc062723c751e8b465ee728b)
Start importing Assets/RPGTinyHeroWavePBR/Animation/BowAndArrow/ArrowAnim/Idle_Arrow.fbx using Guid(de39b8662abab5e40b8b5e8870f2d953) Importer(815301076,1909f56bfc062723c751e8b465ee728b)  -> (artifact id: '02f84f89b780a8d04e940919a3d0f7de') in 0.069218 seconds 
Editor requested this worker to shutdown with reason: Scaling down because of idle timeout
AssetImportWorker is now disconnected from the server
Process exiting
Exiting without the bug reporter. Application will terminate with return code 0