Using pre-set license
Built from '2022.1/staging' branch; Version is '2022.1.23f1 (9636b062134a) revision 9844400'; Using compiler version '192829333'; Build Type 'Release'
OS: 'Windows 10  (10.0.19045) 64bit Core' Language: 'ko' Physical Memory: 31605 MB
BatchMode: 1, IsHumanControllingUs: 0, StartBugReporterOnCrash: 0, Is64bit: 1, IsPro: 1

COMMAND LINE ARGUMENTS:
C:\Program Files\Unity\Hub\Editor\2022.1.23f1\Editor\Unity.exe
-adb2
-batchMode
-noUpm
-name
AssetImportWorker0
-projectPath
D:/Unity/2024/FADongon
-logFile
Logs/AssetImportWorker0.log
-srvPort
57046
Successfully changed project path to: D:/Unity/2024/FADongon
D:/Unity/2024/FADongon
[UnityMemory] Configuration Parameters - Can be set up in boot.config
    "memorysetup-bucket-allocator-granularity=16"
    "memorysetup-bucket-allocator-bucket-count=8"
    "memorysetup-bucket-allocator-block-size=33554432"
    "memorysetup-bucket-allocator-block-count=8"
    "memorysetup-main-allocator-block-size=16777216"
    "memorysetup-thread-allocator-block-size=16777216"
    "memorysetup-gfx-main-allocator-block-size=16777216"
    "memorysetup-gfx-thread-allocator-block-size=16777216"
    "memorysetup-cache-allocator-block-size=4194304"
    "memorysetup-typetree-allocator-block-size=2097152"
    "memorysetup-profiler-bucket-allocator-granularity=16"
    "memorysetup-profiler-bucket-allocator-bucket-count=8"
    "memorysetup-profiler-bucket-allocator-block-size=33554432"
    "memorysetup-profiler-bucket-allocator-block-count=8"
    "memorysetup-profiler-allocator-block-size=16777216"
    "memorysetup-profiler-editor-allocator-block-size=1048576"
    "memorysetup-temp-allocator-size-main=16777216"
    "memorysetup-job-temp-allocator-block-size=2097152"
    "memorysetup-job-temp-allocator-block-size-background=1048576"
    "memorysetup-job-temp-allocator-reduction-small-platforms=262144"
    "memorysetup-temp-allocator-size-background-worker=32768"
    "memorysetup-temp-allocator-size-job-worker=262144"
    "memorysetup-temp-allocator-size-preload-manager=33554432"
    "memorysetup-temp-allocator-size-nav-mesh-worker=65536"
    "memorysetup-temp-allocator-size-audio-worker=65536"
    "memorysetup-temp-allocator-size-cloud-worker=32768"
    "memorysetup-temp-allocator-size-gi-baking-worker=262144"
    "memorysetup-temp-allocator-size-gfx=262144"
Refreshing native plugins compatible for Editor in 124.90 ms, found 3 plugins.
Preloading 0 native plugins for Editor in 0.00 ms.
Initialize engine version: 2022.1.23f1 (9636b062134a)
[Subsystems] Discovering subsystems at path C:/Program Files/Unity/Hub/Editor/2022.1.23f1/Editor/Data/Resources/UnitySubsystems
[Subsystems] Discovering subsystems at path D:/Unity/2024/FADongon/Assets
GfxDevice: creating device client; threaded=0; jobified=0
Direct3D:
    Version:  Direct3D 11.0 [level 11.1]
    Renderer: NVIDIA GeForce RTX 2060 (ID=0x1f08)
    Vendor:   NVIDIA
    VRAM:     5968 MB
    Driver:   31.0.15.3623
Initialize mono
Mono path[0] = 'C:/Program Files/Unity/Hub/Editor/2022.1.23f1/Editor/Data/Managed'
Mono path[1] = 'C:/Program Files/Unity/Hub/Editor/2022.1.23f1/Editor/Data/MonoBleedingEdge/lib/mono/unityjit-win32'
Mono config path = 'C:/Program Files/Unity/Hub/Editor/2022.1.23f1/Editor/Data/MonoBleedingEdge/etc'
Using monoOptions --debugger-agent=transport=dt_socket,embedding=1,server=y,suspend=n,address=127.0.0.1:56056
Begin MonoManager ReloadAssembly
Registering precompiled unity dll's ...
Register platform support module: C:/Program Files/Unity/Hub/Editor/2022.1.23f1/Editor/Data/PlaybackEngines/AndroidPlayer/UnityEditor.Android.Extensions.dll
Register platform support module: C:/Program Files/Unity/Hub/Editor/2022.1.23f1/Editor/Data/PlaybackEngines/WindowsStandaloneSupport/UnityEditor.WindowsStandalone.Extensions.dll
Registered in 0.011118 seconds.
Native extension for WindowsStandalone target not found
Native extension for Android target not found
Refreshing native plugins compatible for Editor in 132.56 ms, found 3 plugins.
Preloading 0 native plugins for Editor in 0.00 ms.
Mono: successfully reloaded assembly
- Completed reload, in  0.723 seconds
Domain Reload Profiling:
	ReloadAssembly (723ms)
		BeginReloadAssembly (87ms)
			ExecutionOrderSort (0ms)
			DisableScriptedObjects (0ms)
			BackupInstance (0ms)
			ReleaseScriptingObjects (0ms)
			CreateAndSetChildDomain (1ms)
		EndReloadAssembly (523ms)
			LoadAssemblies (85ms)
			RebuildTransferFunctionScriptingTraits (0ms)
			SetupTypeCache (122ms)
				TypeCache.Initialize (122ms)
					TypeCache.ScanAssembly (120ms)
				ResolveRequiredComponents (0ms)
			ReleaseScriptCaches (0ms)
			RebuildScriptCaches (23ms)
			SetupLoadedEditorAssemblies (325ms)
				LogAssemblyErrors (0ms)
				InitializePlatformSupportModulesInManaged (52ms)
				SetLoadedEditorAssemblies (7ms)
				RefreshPlugins (133ms)
				BeforeProcessingInitializeOnLoad (1ms)
				ProcessInitializeOnLoadAttributes (90ms)
				ProcessInitializeOnLoadMethodAttributes (42ms)
				AfterProcessingInitializeOnLoad (0ms)
				EditorAssembliesLoaded (0ms)
			ExecutionOrderSort2 (0ms)
			AwakeInstancesAfterBackupRestoration (0ms)
Platform modules already initialized, skipping
Registering precompiled user dll's ...
Registered in 0.005908 seconds.
Begin MonoManager ReloadAssembly
Symbol file LoadedFromMemory doesn't match image D:\Unity\2024\FADongon\Library\PackageCache\com.unity.visualscripting@1.7.8\Editor\VisualScripting.Core\Dependencies\YamlDotNet\Unity.VisualScripting.YamlDotNet.dll
Symbol file LoadedFromMemory doesn't match image D:\Unity\2024\FADongon\Library\PackageCache\com.unity.visualscripting@1.7.8\Editor\VisualScripting.Core\Dependencies\DotNetZip\Unity.VisualScripting.IonicZip.dll
Native extension for WindowsStandalone target not found
Native extension for Android target not found
Refreshing native plugins compatible for Editor in 112.97 ms, found 3 plugins.
Preloading 0 native plugins for Editor in 0.00 ms.
Mono: successfully reloaded assembly
- Completed reload, in  1.336 seconds
Domain Reload Profiling:
	ReloadAssembly (1337ms)
		BeginReloadAssembly (232ms)
			ExecutionOrderSort (0ms)
			DisableScriptedObjects (4ms)
			BackupInstance (0ms)
			ReleaseScriptingObjects (0ms)
			CreateAndSetChildDomain (126ms)
		EndReloadAssembly (999ms)
			LoadAssemblies (120ms)
			RebuildTransferFunctionScriptingTraits (0ms)
			SetupTypeCache (279ms)
				TypeCache.Initialize (275ms)
					TypeCache.ScanAssembly (271ms)
				ResolveRequiredComponents (5ms)
			ReleaseScriptCaches (1ms)
			RebuildScriptCaches (52ms)
			SetupLoadedEditorAssemblies (518ms)
				LogAssemblyErrors (0ms)
				InitializePlatformSupportModulesInManaged (12ms)
				SetLoadedEditorAssemblies (5ms)
				RefreshPlugins (113ms)
				BeforeProcessingInitializeOnLoad (95ms)
				ProcessInitializeOnLoadAttributes (224ms)
				ProcessInitializeOnLoadMethodAttributes (57ms)
				AfterProcessingInitializeOnLoad (11ms)
				EditorAssembliesLoaded (0ms)
			ExecutionOrderSort2 (0ms)
			AwakeInstancesAfterBackupRestoration (12ms)
Platform modules already initialized, skipping
========================================================================
Worker process is ready to serve import requests
Launched and connected shader compiler UnityShaderCompiler.exe after 0.04 seconds
Refreshing native plugins compatible for Editor in 0.98 ms, found 3 plugins.
Preloading 0 native plugins for Editor in 0.00 ms.
Unloading 5101 Unused Serialized files (Serialized files now loaded: 0)
Unloading 46 unused Assets / (2.1 MB). Loaded Objects now: 5570.
Memory consumption went from 0.88 GB to 0.87 GB.
Total: 3.090400 ms (FindLiveObjects: 0.338300 ms CreateObjectMapping: 0.189700 ms MarkObjects: 2.268200 ms  DeleteObjects: 0.293400 ms)

AssetImportParameters requested are different than current active one (requested -> active):
  custom:video-decoder-ogg-theora: a1e56fd34408186e4bbccfd4996cb3dc -> 
  custom:container-muxer-webm: aa71ff27fc2769a1b78a27578f13a17b -> 
  custom:container-demuxer-webm: 4f35f7cbe854078d1ac9338744f61a02 -> 
  custom:video-encoder-webm-vp8: eb34c28f22e8b96e1ab97ce403110664 -> 
  custom:audio-encoder-webm-vorbis: bf7c407c2cedff20999df2af8eb42d56 -> 
  custom:framework-win-MediaFoundation: 216162199b28c13a410421893ffa2e32 -> 
  custom:container-demuxer-ogg: 62fdf1f143b41e24485cea50d1cbac27 -> 
  custom:video-decoder-webm-vp8: 9c59270c3fd7afecdb556c50c9e8de78 -> 
  custom:audio-decoder-ogg-vorbis: bf7c407c2cedff20999df2af8eb42d56 -> 
========================================================================
Received Import Request.
  Time since last request: 1734726.060648 seconds.
  path: Assets/RPGMonsterBundlePolyart/RPGMonsterWave01Polyart/Animations/Orc/SenseSomethingRPT_Orc_Anim.fbx
  artifactKey: Guid(f511dd5a0dba4556b690fc41e5c2da43) Importer(815301076,1909f56bfc062723c751e8b465ee728b)
Start importing Assets/RPGMonsterBundlePolyart/RPGMonsterWave01Polyart/Animations/Orc/SenseSomethingRPT_Orc_Anim.fbx using Guid(f511dd5a0dba4556b690fc41e5c2da43) Importer(815301076,1909f56bfc062723c751e8b465ee728b)  -> (artifact id: '26c3037986f1eea760bd8ce7e50b6f96') in 0.169171 seconds 
========================================================================
Received Import Request.
  Time since last request: 0.000021 seconds.
  path: Assets/RPGMonsterBundlePolyart/RPGMonsterWave01Polyart/Animations/Orc/IdleNormal_Orc_Anim.fbx
  artifactKey: Guid(c3a0bddb477447189f2fc7713d86034a) Importer(815301076,1909f56bfc062723c751e8b465ee728b)
Start importing Assets/RPGMonsterBundlePolyart/RPGMonsterWave01Polyart/Animations/Orc/IdleNormal_Orc_Anim.fbx using Guid(c3a0bddb477447189f2fc7713d86034a) Importer(815301076,1909f56bfc062723c751e8b465ee728b)  -> (artifact id: '2b912f14803a4e0d60991b80f5cba5f0') in 0.034035 seconds 
========================================================================
Received Import Request.
  Time since last request: 5923.258385 seconds.
  path: Assets/GPVFX_POTIONS PACK/VFX/VFX_Materials/GPVFX_Interrupt Swarm.mat
  artifactKey: Guid(d36d0ae7ed8a946d58078d151e5ea4bf) Importer(815301076,1909f56bfc062723c751e8b465ee728b)
Start importing Assets/GPVFX_POTIONS PACK/VFX/VFX_Materials/GPVFX_Interrupt Swarm.mat using Guid(d36d0ae7ed8a946d58078d151e5ea4bf) Importer(815301076,1909f56bfc062723c751e8b465ee728b)  -> (artifact id: 'dc5a8b5659140cac8b4be289d2be2b81') in 0.098350 seconds 
========================================================================
Received Import Request.
  Time since last request: 6.979032 seconds.
  path: Assets/RPGTinyHeroWavePBR/Mesh/Weapons/Projectile/Arrow03Projectile.fbx
  artifactKey: Guid(8eceff14661aa164c8205764ba86ba70) Importer(815301076,1909f56bfc062723c751e8b465ee728b)
Start importing Assets/RPGTinyHeroWavePBR/Mesh/Weapons/Projectile/Arrow03Projectile.fbx using Guid(8eceff14661aa164c8205764ba86ba70) Importer(815301076,1909f56bfc062723c751e8b465ee728b)  -> (artifact id: '1681d9a8c8ede290d7d5ba3c738b7ed4') in 0.020427 seconds 
========================================================================
Received Import Request.
  Time since last request: 0.021556 seconds.
  path: Assets/RPGTinyHeroWavePBR/Animation/BowAndArrow/ArrowAnim/Attack04_Combo04_Arrow.fbx
  artifactKey: Guid(8f6e830530a61d849b766fdb11a913df) Importer(815301076,1909f56bfc062723c751e8b465ee728b)
Start importing Assets/RPGTinyHeroWavePBR/Animation/BowAndArrow/ArrowAnim/Attack04_Combo04_Arrow.fbx using Guid(8f6e830530a61d849b766fdb11a913df) Importer(815301076,1909f56bfc062723c751e8b465ee728b)  -> (artifact id: '5d3ee0fae2c8446f062c7aa7cfbca702') in 0.067383 seconds 
========================================================================
Received Import Request.
  Time since last request: 0.000021 seconds.
  path: Assets/RPGTinyHeroWavePBR/Animation/BowAndArrow/ArrowAnim/Attack02_Combo03_Arrow.fbx
  artifactKey: Guid(e1766a52278a5dc4486b6ccb2a9db5f2) Importer(815301076,1909f56bfc062723c751e8b465ee728b)
Start importing Assets/RPGTinyHeroWavePBR/Animation/BowAndArrow/ArrowAnim/Attack02_Combo03_Arrow.fbx using Guid(e1766a52278a5dc4486b6ccb2a9db5f2) Importer(815301076,1909f56bfc062723c751e8b465ee728b)  -> (artifact id: 'b64a8f5afbd41d22afd1318d66d4ad1f') in 0.066210 seconds 
========================================================================
Received Import Request.
  Time since last request: 0.000026 seconds.
  path: Assets/RPGTinyHeroWavePBR/Animation/BowAndArrow/ArrowAnim/Attack01_Combo0102_Arrow.fbx
  artifactKey: Guid(a86aa7e9aa748f9428cc54a0df851f93) Importer(815301076,1909f56bfc062723c751e8b465ee728b)
Start importing Assets/RPGTinyHeroWavePBR/Animation/BowAndArrow/ArrowAnim/Attack01_Combo0102_Arrow.fbx using Guid(a86aa7e9aa748f9428cc54a0df851f93) Importer(815301076,1909f56bfc062723c751e8b465ee728b)  -> (artifact id: 'ffd151e51141061da44aba21197fa000') in 0.066621 seconds 
========================================================================
Received Import Request.
  Time since last request: 4.441464 seconds.
  path: Assets/RPGTinyHeroWavePBR/Mesh/Weapons/Projectile/Arrow02Projectile.fbx
  artifactKey: Guid(5849d8b9de854ce48916abe60ccce2f2) Importer(815301076,1909f56bfc062723c751e8b465ee728b)
Start importing Assets/RPGTinyHeroWavePBR/Mesh/Weapons/Projectile/Arrow02Projectile.fbx using Guid(5849d8b9de854ce48916abe60ccce2f2) Importer(815301076,1909f56bfc062723c751e8b465ee728b)  -> (artifact id: '54a2995a8d2fd3234e2b17e4b9f87ae5') in 0.024024 seconds 
Editor requested this worker to shutdown with reason: Scaling down because of idle timeout
AssetImportWorker is now disconnected from the server
Process exiting
Exiting without the bug reporter. Application will terminate with return code 0